16:20:00.297 WELD-000900: 3.1.9 (Final)
16:20:00.518 WELD-ENV-000014: Falling back to Java Reflection for bean-discovery-mode="annotated" discovery. Add org.jboss:jandex to the classpath to speed-up startup.
16:20:00.715 WELD-000101: Transactional services not available. Injection of @Inject UserTransaction not available. Transactional observers will be invoked synchronously.
16:20:01.809 WELD-ENV-002003: Weld SE container 9cacbbbf-569b-4ae1-93c6-cc75e120254c initialized
16:20:02.865 2023-08-10 16:20:02_GET_Authentication_Authentication failed
16:20:03.093 2023-08-10 16:20:03_GET_Authentication_Authentication failed
16:20:39.925 2023-08-10 16:20:39_POST_Authentication_Authentication successful
16:20:40.458 2023-08-10 16:20:40_POST_createCustomer_Request received
16:20:40.505 2023-08-10 16:20:40_POST_createCustomer_Can't Create Customer
16:20:56.002 2023-08-10 16:20:56_POST_Authentication_Authentication successful
16:20:56.005 2023-08-10 16:20:56_POST_createCustomer_Request received
16:20:56.013 2023-08-10 16:20:56_POST_createCustomer_Can't Create Customer
16:21:24.220 2023-08-10 16:21:24_GET_Authentication_Authentication successful
16:21:24.220 2023-08-10 16:21:24_GET_getAllCustomers_Request received
16:21:24.260 2023-08-10 16:21:24_GET_getAllCustomers_Response sent
16:22:11.509 2023-08-10 16:22:11_PUT_Authentication_Authentication successful
16:22:11.512 2023-08-10 16:22:11_PUT_updateCustomer_Request received
16:22:11.546 2023-08-10 16:22:11_PUT_updateCustomer_Response Sent
16:22:23.356 2023-08-10 16:22:23_PUT_Authentication_Authentication successful
16:22:39.318 2023-08-10 16:22:39_PUT_Authentication_Authentication successful
16:22:52.399 2023-08-10 16:22:52_PUT_Authentication_Authentication successful
16:22:52.400 2023-08-10 16:22:52_PUT_updateCustomer_Request received
16:22:52.443 2023-08-10 16:22:52_PUT_updateCustomer_No Customer exists with this ID
16:23:13.275 2023-08-10 16:23:13_DELETE_Authentication_Authentication successful
16:23:13.276 2023-08-10 16:23:13_DELETE_deleteCustomer_Request received
16:23:13.307 2023-08-10 16:23:13_DELETE_deleteCustomer_No Customer exists with this ID
16:23:27.428 2023-08-10 16:23:27_DELETE_Authentication_Authentication successful
16:23:27.428 2023-08-10 16:23:27_DELETE_deleteCustomer_Request received
16:23:27.459 2023-08-10 16:23:27_DELETE_deleteCustomer_Customer Deleted
16:23:38.892 2023-08-10 16:23:38_GET_Authentication_Authentication successful
16:23:38.893 2023-08-10 16:23:38_GET_getCustomerById_Request received
16:23:38.922 2023-08-10 16:23:38_GET_getCustomerById_No Customer exists with this ID
16:23:47.423 2023-08-10 16:23:47_GET_Authentication_Authentication successful
16:23:47.424 2023-08-10 16:23:47_GET_getCustomerById_Request received
16:23:47.453 2023-08-10 16:23:47_GET_getCustomerById_Response Sent
16:24:05.698 2023-08-10 16:24:05_GET_Authentication_Authentication successful
16:24:05.698 2023-08-10 16:24:05_GET_getAllCustomers_Request received
16:24:05.730 2023-08-10 16:24:05_GET_getAllCustomers_Response sent
19:57:48.312 WELD-000900: 3.1.9 (Final)
19:57:48.924 WELD-ENV-000014: Falling back to Java Reflection for bean-discovery-mode="annotated" discovery. Add org.jboss:jandex to the classpath to speed-up startup.
19:57:49.442 WELD-000101: Transactional services not available. Injection of @Inject UserTransaction not available. Transactional observers will be invoked synchronously.
19:57:51.634 WELD-ENV-002003: Weld SE container 2c0426db-5e73-490f-b37b-8412ef7ca768 initialized
19:57:52.542 2023-08-10 19:57:52_GET_Authentication_Authentication failed
19:57:53.323 2023-08-10 19:57:53_GET_Authentication_Authentication failed
